# JRE version: OpenJDK Runtime Environment (8.0_152-b01) (build 1.8.0_152-release-1248-b01)
# Java VM: OpenJDK 64-Bit Server VM (25.152-b01 mixed mode windows-amd64 compressed oops)
Heap:
 PSYoungGen      total 32768K, used 31599K [0x00000000e0000000, 0x00000000e4480000, 0x0000000100000000)
  eden space 25088K, 95% used [0x00000000e0000000,0x00000000e17728a8,0x00000000e1880000)
  from space 7680K, 98% used [0x00000000e1900000,0x00000000e2069410,0x00000000e2080000)
  to   space 22528K, 0% used [0x00000000e2e80000,0x00000000e2e80000,0x00000000e4480000)
 ParOldGen       total 74240K, used 40522K [0x00000000a0000000, 0x00000000a4880000, 0x00000000e0000000)
  object space 74240K, 54% used [0x00000000a0000000,0x00000000a2792900,0x00000000a4880000)
 Metaspace       used 64791K, capacity 66506K, committed 66608K, reserved 1107968K
  class space    used 8490K, capacity 8955K, committed 9008K, reserved 1048576K
GC Heap History (10 events):
Event: 664.335 GC heap before
{Heap before GC invocations=36 (full 3):
 PSYoungGen      total 52736K, used 33143K [0x00000000e0000000, 0x00000000e4e80000, 0x0000000100000000)
  eden space 27136K, 100% used [0x00000000e0000000,0x00000000e1a80000,0x00000000e1a80000)
  from space 25600K, 23% used [0x00000000e3580000,0x00000000e3b5df58,0x00000000e4e80000)
  to   space 26624K, 0% used [0x00000000e1a80000,0x00000000e1a80000,0x00000000e3480000)
 ParOldGen       total 74240K, used 35549K [0x00000000a0000000, 0x00000000a4880000, 0x00000000e0000000)
  object space 74240K, 47% used [0x00000000a0000000,0x00000000a22b77f8,0x00000000a4880000)
 Metaspace       used 63976K, capacity 65692K, committed 65840K, reserved 1105920K
  class space    used 8478K, capacity 8948K, committed 9008K, reserved 1048576K
Event: 664.340 GC heap after
Heap after GC invocations=36 (full 3):
 PSYoungGen      total 53760K, used 4327K [0x00000000e0000000, 0x00000000e5280000, 0x0000000100000000)
  eden space 27136K, 0% used [0x00000000e0000000,0x00000000e0000000,0x00000000e1a80000)
  from space 26624K, 16% used [0x00000000e1a80000,0x00000000e1eb9f80,0x00000000e3480000)
  to   space 26112K, 0% used [0x00000000e3900000,0x00000000e3900000,0x00000000e5280000)
 ParOldGen       total 74240K, used 37154K [0x00000000a0000000, 0x00000000a4880000, 0x00000000e0000000)
  object space 74240K, 50% used [0x00000000a0000000,0x00000000a2448818,0x00000000a4880000)
 Metaspace       used 63976K, capacity 65692K, committed 65840K, reserved 1105920K
  class space    used 8478K, capacity 8948K, committed 9008K, reserved 1048576K
}
Event: 673.409 GC heap before
{Heap before GC invocations=37 (full 3):
 PSYoungGen      total 53760K, used 31463K [0x00000000e0000000, 0x00000000e5280000, 0x0000000100000000)
  eden space 27136K, 100% used [0x00000000e0000000,0x00000000e1a80000,0x00000000e1a80000)
  from space 26624K, 16% used [0x00000000e1a80000,0x00000000e1eb9f80,0x00000000e3480000)
  to   space 26112K, 0% used [0x00000000e3900000,0x00000000e3900000,0x00000000e5280000)
 ParOldGen       total 74240K, used 37154K [0x00000000a0000000, 0x00000000a4880000, 0x00000000e0000000)
  object space 74240K, 50% used [0x00000000a0000000,0x00000000a2448818,0x00000000a4880000)
 Metaspace       used 64330K, capacity 66104K, committed 66352K, reserved 1105920K
  class space    used 8480K, capacity 8952K, committed 9008K, reserved 1048576K
Event: 673.419 GC heap after
Heap after GC invocations=37 (full 3):
 PSYoungGen      total 46080K, used 4528K [0x00000000e0000000, 0x00000000e4c00000, 0x0000000100000000)
  eden space 26624K, 0% used [0x00000000e0000000,0x00000000e0000000,0x00000000e1a00000)
  from space 19456K, 23% used [0x00000000e3900000,0x00000000e3d6c060,0x00000000e4c00000)
  to   space 25600K, 0% used [0x00000000e1a00000,0x00000000e1a00000,0x00000000e3300000)
 ParOldGen       total 74240K, used 38680K [0x00000000a0000000, 0x00000000a4880000, 0x00000000e0000000)
  object space 74240K, 52% used [0x00000000a0000000,0x00000000a25c6260,0x00000000a4880000)
 Metaspace       used 64330K, capacity 66104K, committed 66352K, reserved 1105920K
  class space    used 8480K, capacity 8952K, committed 9008K, reserved 1048576K
}
Event: 692.936 GC heap before
{Heap before GC invocations=38 (full 3):
 PSYoungGen      total 46080K, used 31152K [0x00000000e0000000, 0x00000000e4c00000, 0x0000000100000000)
  eden space 26624K, 100% used [0x00000000e0000000,0x00000000e1a00000,0x00000000e1a00000)
  from space 19456K, 23% used [0x00000000e3900000,0x00000000e3d6c060,0x00000000e4c00000)
  to   space 25600K, 0% used [0x00000000e1a00000,0x00000000e1a00000,0x00000000e3300000)
 ParOldGen       total 74240K, used 38680K [0x00000000a0000000, 0x00000000a4880000, 0x00000000e0000000)
  object space 74240K, 52% used [0x00000000a0000000,0x00000000a25c6260,0x00000000a4880000)
 Metaspace       used 64421K, capacity 66116K, committed 66352K, reserved 1105920K
  class space    used 8481K, capacity 8954K, committed 9008K, reserved 1048576K
Event: 692.943 GC heap after
Heap after GC invocations=38 (full 3):
 PSYoungGen      total 32256K, used 6064K [0x00000000e0000000, 0x00000000e4980000, 0x0000000100000000)
  eden space 26112K, 0% used [0x00000000e0000000,0x00000000e0000000,0x00000000e1980000)
  from space 6144K, 98% used [0x00000000e1a00000,0x00000000e1fec070,0x00000000e2000000)
  to   space 24576K, 0% used [0x00000000e3180000,0x00000000e3180000,0x00000000e4980000)
 ParOldGen       total 74240K, used 38832K [0x00000000a0000000, 0x00000000a4880000, 0x00000000e0000000)
  object space 74240K, 52% used [0x00000000a0000000,0x00000000a25ec280,0x00000000a4880000)
 Metaspace       used 64421K, capacity 66116K, committed 66352K, reserved 1105920K
  class space    used 8481K, capacity 8954K, committed 9008K, reserved 1048576K
}
Event: 722.195 GC heap before
{Heap before GC invocations=39 (full 3):
 PSYoungGen      total 32256K, used 32176K [0x00000000e0000000, 0x00000000e4980000, 0x0000000100000000)
  eden space 26112K, 100% used [0x00000000e0000000,0x00000000e1980000,0x00000000e1980000)
  from space 6144K, 98% used [0x00000000e1a00000,0x00000000e1fec070,0x00000000e2000000)
  to   space 24576K, 0% used [0x00000000e3180000,0x00000000e3180000,0x00000000e4980000)
 ParOldGen       total 74240K, used 38832K [0x00000000a0000000, 0x00000000a4880000, 0x00000000e0000000)
  object space 74240K, 52% used [0x00000000a0000000,0x00000000a25ec280,0x00000000a4880000)
 Metaspace       used 64639K, capacity 66314K, committed 66608K, reserved 1107968K
  class space    used 8490K, capacity 8955K, committed 9008K, reserved 1048576K
Event: 722.201 GC heap after
Heap after GC invocations=39 (full 3):
 PSYoungGen      total 47616K, used 6629K [0x00000000e0000000, 0x00000000e4700000, 0x0000000100000000)
  eden space 25600K, 0% used [0x00000000e0000000,0x00000000e0000000,0x00000000e1900000)
  from space 22016K, 30% used [0x00000000e3180000,0x00000000e37f9410,0x00000000e4700000)
  to   space 23552K, 0% used [0x00000000e1900000,0x00000000e1900000,0x00000000e3000000)
 ParOldGen       total 74240K, used 39500K [0x00000000a0000000, 0x00000000a4880000, 0x00000000e0000000)
  object space 74240K, 53% used [0x00000000a0000000,0x00000000a2693300,0x00000000a4880000)
 Metaspace       used 64639K, capacity 66314K, committed 66608K, reserved 1107968K
  class space    used 8490K, capacity 8955K, committed 9008K, reserved 1048576K
}
Event: 729.712 GC heap before
{Heap before GC invocations=40 (full 3):
 PSYoungGen      total 47616K, used 32229K [0x00000000e0000000, 0x00000000e4700000, 0x0000000100000000)
  eden space 25600K, 100% used [0x00000000e0000000,0x00000000e1900000,0x00000000e1900000)
  from space 22016K, 30% used [0x00000000e3180000,0x00000000e37f9410,0x00000000e4700000)
  to   space 23552K, 0% used [0x00000000e1900000,0x00000000e1900000,0x00000000e3000000)
 ParOldGen       total 74240K, used 39500K [0x00000000a0000000, 0x00000000a4880000, 0x00000000e0000000)
  object space 74240K, 53% used [0x00000000a0000000,0x00000000a2693300,0x00000000a4880000)
 Metaspace       used 64721K, capacity 66506K, committed 66608K, reserved 1107968K
  class space    used 8490K, capacity 8955K, committed 9008K, reserved 1048576K
Event: 729.720 GC heap after
Heap after GC invocations=40 (full 3):
 PSYoungGen      total 32768K, used 7589K [0x00000000e0000000, 0x00000000e4480000, 0x0000000100000000)
  eden space 25088K, 0% used [0x00000000e0000000,0x00000000e0000000,0x00000000e1880000)
  from space 7680K, 98% used [0x00000000e1900000,0x00000000e2069410,0x00000000e2080000)
  to   space 22528K, 0% used [0x00000000e2e80000,0x00000000e2e80000,0x00000000e4480000)
 ParOldGen       total 74240K, used 40522K [0x00000000a0000000, 0x00000000a4880000, 0x00000000e0000000)
  object space 74240K, 54% used [0x00000000a0000000,0x00000000a2792900,0x00000000a4880000)
 Metaspace       used 64721K, capacity 66506K, committed 66608K, reserved 1107968K
  class space    used 8490K, capacity 8955K, committed 9008K, reserved 1048576K
}

