# JRE version: OpenJDK Runtime Environment (8.0_152-b01) (build 1.8.0_152-release-1248-b01)
# Java VM: OpenJDK 64-Bit Server VM (25.152-b01 mixed mode windows-amd64 compressed oops)
Heap:
 PSYoungGen      total 263168K, used 59830K [0x00000000e0000000, 0x00000000f2900000, 0x0000000100000000)
  eden space 222208K, 21% used [0x00000000e0000000,0x00000000e2ef5190,0x00000000ed900000)
  from space 40960K, 28% used [0x00000000ed900000,0x00000000ee4786d0,0x00000000f0100000)
  to   space 27648K, 0% used [0x00000000f0700000,0x00000000f0700000,0x00000000f2200000)
 ParOldGen       total 118784K, used 118350K [0x00000000a0000000, 0x00000000a7400000, 0x00000000e0000000)
  object space 118784K, 99% used [0x00000000a0000000,0x00000000a7393b08,0x00000000a7400000)
 Metaspace       used 91266K, capacity 94906K, committed 97024K, reserved 1134592K
  class space    used 11515K, capacity 12344K, committed 12800K, reserved 1048576K
GC Heap History (10 events):
Event: 794.500 GC heap before
{Heap before GC invocations=21 (full 3):
 PSYoungGen      total 261632K, used 261366K [0x00000000e0000000, 0x00000000f2580000, 0x0000000100000000)
  eden space 248320K, 100% used [0x00000000e0000000,0x00000000ef280000,0x00000000ef280000)
  from space 13312K, 98% used [0x00000000efc00000,0x00000000f08bd950,0x00000000f0900000)
  to   space 26112K, 0% used [0x00000000f0c00000,0x00000000f0c00000,0x00000000f2580000)
 ParOldGen       total 118784K, used 44074K [0x00000000a0000000, 0x00000000a7400000, 0x00000000e0000000)
  object space 118784K, 37% used [0x00000000a0000000,0x00000000a2b0a8b0,0x00000000a7400000)
 Metaspace       used 75541K, capacity 78600K, committed 78848K, reserved 1118208K
  class space    used 9688K, capacity 10381K, committed 10496K, reserved 1048576K
Event: 794.591 GC heap after
Heap after GC invocations=21 (full 3):
 PSYoungGen      total 265216K, used 25789K [0x00000000e0000000, 0x00000000f2580000, 0x0000000100000000)
  eden space 239104K, 0% used [0x00000000e0000000,0x00000000e0000000,0x00000000ee980000)
  from space 26112K, 98% used [0x00000000f0c00000,0x00000000f252f7a8,0x00000000f2580000)
  to   space 29696K, 0% used [0x00000000eeb80000,0x00000000eeb80000,0x00000000f0880000)
 ParOldGen       total 118784K, used 44082K [0x00000000a0000000, 0x00000000a7400000, 0x00000000e0000000)
  object space 118784K, 37% used [0x00000000a0000000,0x00000000a2b0c8b0,0x00000000a7400000)
 Metaspace       used 75541K, capacity 78600K, committed 78848K, reserved 1118208K
  class space    used 9688K, capacity 10381K, committed 10496K, reserved 1048576K
}
Event: 823.879 GC heap before
{Heap before GC invocations=22 (full 3):
 PSYoungGen      total 265216K, used 264893K [0x00000000e0000000, 0x00000000f2580000, 0x0000000100000000)
  eden space 239104K, 100% used [0x00000000e0000000,0x00000000ee980000,0x00000000ee980000)
  from space 26112K, 98% used [0x00000000f0c00000,0x00000000f252f7a8,0x00000000f2580000)
  to   space 29696K, 0% used [0x00000000eeb80000,0x00000000eeb80000,0x00000000f0880000)
 ParOldGen       total 118784K, used 44082K [0x00000000a0000000, 0x00000000a7400000, 0x00000000e0000000)
  object space 118784K, 37% used [0x00000000a0000000,0x00000000a2b0c8b0,0x00000000a7400000)
 Metaspace       used 80509K, capacity 83662K, committed 83840K, reserved 1122304K
  class space    used 10285K, capacity 11038K, committed 11136K, reserved 1048576K
Event: 823.930 GC heap after
Heap after GC invocations=22 (full 3):
 PSYoungGen      total 258560K, used 27668K [0x00000000e0000000, 0x00000000f2200000, 0x0000000100000000)
  eden space 230400K, 0% used [0x00000000e0000000,0x00000000e0000000,0x00000000ee100000)
  from space 28160K, 98% used [0x00000000eeb80000,0x00000000f06852a8,0x00000000f0700000)
  to   space 27648K, 0% used [0x00000000f0700000,0x00000000f0700000,0x00000000f2200000)
 ParOldGen       total 118784K, used 44090K [0x00000000a0000000, 0x00000000a7400000, 0x00000000e0000000)
  object space 118784K, 37% used [0x00000000a0000000,0x00000000a2b0e8b0,0x00000000a7400000)
 Metaspace       used 80509K, capacity 83662K, committed 83840K, reserved 1122304K
  class space    used 10285K, capacity 11038K, committed 11136K, reserved 1048576K
}
Event: 867.604 GC heap before
{Heap before GC invocations=23 (full 3):
 PSYoungGen      total 258560K, used 258068K [0x00000000e0000000, 0x00000000f2200000, 0x0000000100000000)
  eden space 230400K, 100% used [0x00000000e0000000,0x00000000ee100000,0x00000000ee100000)
  from space 28160K, 98% used [0x00000000eeb80000,0x00000000f06852a8,0x00000000f0700000)
  to   space 27648K, 0% used [0x00000000f0700000,0x00000000f0700000,0x00000000f2200000)
 ParOldGen       total 118784K, used 44090K [0x00000000a0000000, 0x00000000a7400000, 0x00000000e0000000)
  object space 118784K, 37% used [0x00000000a0000000,0x00000000a2b0e8b0,0x00000000a7400000)
 Metaspace       used 90817K, capacity 95570K, committed 95872K, reserved 1132544K
  class space    used 11602K, capacity 12568K, committed 12672K, reserved 1048576K
Event: 867.803 GC heap after
Heap after GC invocations=23 (full 3):
 PSYoungGen      total 249856K, used 27629K [0x00000000e0000000, 0x00000000f2900000, 0x0000000100000000)
  eden space 222208K, 0% used [0x00000000e0000000,0x00000000e0000000,0x00000000ed900000)
  from space 27648K, 99% used [0x00000000f0700000,0x00000000f21fb5d0,0x00000000f2200000)
  to   space 40960K, 0% used [0x00000000ed900000,0x00000000ed900000,0x00000000f0100000)
 ParOldGen       total 118784K, used 56357K [0x00000000a0000000, 0x00000000a7400000, 0x00000000e0000000)
  object space 118784K, 47% used [0x00000000a0000000,0x00000000a3709718,0x00000000a7400000)
 Metaspace       used 90817K, capacity 95570K, committed 95872K, reserved 1132544K
  class space    used 11602K, capacity 12568K, committed 12672K, reserved 1048576K
}
Event: 870.526 GC heap before
{Heap before GC invocations=24 (full 3):
 PSYoungGen      total 249856K, used 249837K [0x00000000e0000000, 0x00000000f2900000, 0x0000000100000000)
  eden space 222208K, 100% used [0x00000000e0000000,0x00000000ed900000,0x00000000ed900000)
  from space 27648K, 99% used [0x00000000f0700000,0x00000000f21fb5d0,0x00000000f2200000)
  to   space 40960K, 0% used [0x00000000ed900000,0x00000000ed900000,0x00000000f0100000)
 ParOldGen       total 118784K, used 56357K [0x00000000a0000000, 0x00000000a7400000, 0x00000000e0000000)
  object space 118784K, 47% used [0x00000000a0000000,0x00000000a3709718,0x00000000a7400000)
 Metaspace       used 91934K, capacity 96902K, committed 97024K, reserved 1134592K
  class space    used 11759K, capacity 12758K, committed 12800K, reserved 1048576K
Event: 870.653 GC heap after
Heap after GC invocations=24 (full 3):
 PSYoungGen      total 263168K, used 40948K [0x00000000e0000000, 0x00000000f2900000, 0x0000000100000000)
  eden space 222208K, 0% used [0x00000000e0000000,0x00000000e0000000,0x00000000ed900000)
  from space 40960K, 99% used [0x00000000ed900000,0x00000000f00fd110,0x00000000f0100000)
  to   space 27648K, 0% used [0x00000000f0700000,0x00000000f0700000,0x00000000f2200000)
 ParOldGen       total 118784K, used 107586K [0x00000000a0000000, 0x00000000a7400000, 0x00000000e0000000)
  object space 118784K, 90% used [0x00000000a0000000,0x00000000a6910968,0x00000000a7400000)
 Metaspace       used 91934K, capacity 96902K, committed 97024K, reserved 1134592K
  class space    used 11759K, capacity 12758K, committed 12800K, reserved 1048576K
}
Event: 870.683 GC heap before
{Heap before GC invocations=25 (full 4):
 PSYoungGen      total 263168K, used 40948K [0x00000000e0000000, 0x00000000f2900000, 0x0000000100000000)
  eden space 222208K, 0% used [0x00000000e0000000,0x00000000e0000000,0x00000000ed900000)
  from space 40960K, 99% used [0x00000000ed900000,0x00000000f00fd110,0x00000000f0100000)
  to   space 27648K, 0% used [0x00000000f0700000,0x00000000f0700000,0x00000000f2200000)
 ParOldGen       total 118784K, used 107586K [0x00000000a0000000, 0x00000000a7400000, 0x00000000e0000000)
  object space 118784K, 90% used [0x00000000a0000000,0x00000000a6910968,0x00000000a7400000)
 Metaspace       used 91934K, capacity 96902K, committed 97024K, reserved 1134592K
  class space    used 11759K, capacity 12758K, committed 12800K, reserved 1048576K
Event: 880.591 GC heap after
Heap after GC invocations=25 (full 4):
 PSYoungGen      total 263168K, used 11745K [0x00000000e0000000, 0x00000000f2900000, 0x0000000100000000)
  eden space 222208K, 0% used [0x00000000e0000000,0x00000000e0000000,0x00000000ed900000)
  from space 40960K, 28% used [0x00000000ed900000,0x00000000ee4786d0,0x00000000f0100000)
  to   space 27648K, 0% used [0x00000000f0700000,0x00000000f0700000,0x00000000f2200000)
 ParOldGen       total 118784K, used 118350K [0x00000000a0000000, 0x00000000a7400000, 0x00000000e0000000)
  object space 118784K, 99% used [0x00000000a0000000,0x00000000a7393b08,0x00000000a7400000)
 Metaspace       used 91215K, capacity 94842K, committed 97024K, reserved 1134592K
  class space    used 11515K, capacity 12344K, committed 12800K, reserved 1048576K
}

